Determining if the pthread_create exist failed with the following output:
Change Dir: /home/ubuntu/catkin_ws_ros1_401plus_v2027_hv01/build/CMakeFiles/CMakeTmp

Run Build Command:"/usr/bin/make" "cmTC_263dc/fast"
/usr/bin/make -f CMakeFiles/cmTC_263dc.dir/build.make CMakeFiles/cmTC_263dc.dir/build
make[1]: 进入目录“/home/ubuntu/catkin_ws_ros1_401plus_v2027_hv01/build/CMakeFiles/CMakeTmp”
Building C object CMakeFiles/cmTC_263dc.dir/CheckSymbolExists.c.o
/usr/bin/cc    -o CMakeFiles/cmTC_263dc.dir/CheckSymbolExists.c.o   -c /home/ubuntu/catkin_ws_ros1_401plus_v2027_hv01/build/CMakeFiles/CMakeTmp/CheckSymbolExists.c
Linking C executable cmTC_263dc
/usr/bin/cmake -E cmake_link_script CMakeFiles/cmTC_263dc.dir/link.txt --verbose=1
/usr/bin/cc      -rdynamic CMakeFiles/cmTC_263dc.dir/CheckSymbolExists.c.o  -o cmTC_263dc 
CMakeFiles/cmTC_263dc.dir/CheckSymbolExists.c.o：在函数‘main’中：
CheckSymbolExists.c:(.text+0x1b)：对‘pthread_create’未定义的引用
collect2: error: ld returned 1 exit status
CMakeFiles/cmTC_263dc.dir/build.make:97: recipe for target 'cmTC_263dc' failed
make[1]: *** [cmTC_263dc] Error 1
make[1]: 离开目录“/home/ubuntu/catkin_ws_ros1_401plus_v2027_hv01/build/CMakeFiles/CMakeTmp”
Makefile:126: recipe for target 'cmTC_263dc/fast' failed
make: *** [cmTC_263dc/fast] Error 2

File /home/ubuntu/catkin_ws_ros1_401plus_v2027_hv01/build/CMakeFiles/CMakeTmp/CheckSymbolExists.c:
/* */
#include <pthread.h>

int main(int argc, char** argv)
{
  (void)argv;
#ifndef pthread_create
  return ((int*)(&pthread_create))[argc];
#else
  (void)argc;
  return 0;
#endif
}

Determining if the function pthread_create exists in the pthreads failed with the following output:
Change Dir: /home/ubuntu/catkin_ws_ros1_401plus_v2027_hv01/build/CMakeFiles/CMakeTmp

Run Build Command:"/usr/bin/make" "cmTC_4f807/fast"
/usr/bin/make -f CMakeFiles/cmTC_4f807.dir/build.make CMakeFiles/cmTC_4f807.dir/build
make[1]: 进入目录“/home/ubuntu/catkin_ws_ros1_401plus_v2027_hv01/build/CMakeFiles/CMakeTmp”
Building C object CMakeFiles/cmTC_4f807.dir/CheckFunctionExists.c.o
/usr/bin/cc   -DCHECK_FUNCTION_EXISTS=pthread_create   -o CMakeFiles/cmTC_4f807.dir/CheckFunctionExists.c.o   -c /usr/share/cmake-3.10/Modules/CheckFunctionExists.c
Linking C executable cmTC_4f807
/usr/bin/cmake -E cmake_link_script CMakeFiles/cmTC_4f807.dir/link.txt --verbose=1
/usr/bin/cc  -DCHECK_FUNCTION_EXISTS=pthread_create    -rdynamic CMakeFiles/cmTC_4f807.dir/CheckFunctionExists.c.o  -o cmTC_4f807 -lpthreads 
/usr/bin/ld: 找不到 -lpthreads
collect2: error: ld returned 1 exit status
CMakeFiles/cmTC_4f807.dir/build.make:97: recipe for target 'cmTC_4f807' failed
make[1]: *** [cmTC_4f807] Error 1
make[1]: 离开目录“/home/ubuntu/catkin_ws_ros1_401plus_v2027_hv01/build/CMakeFiles/CMakeTmp”
Makefile:126: recipe for target 'cmTC_4f807/fast' failed
make: *** [cmTC_4f807/fast] Error 2


